04:51:59 [CORE]{c}-STA: Modules dir: /opt/xplico/bin/modules
04:51:59 [CORE]{c}-STA: Tmp dir: tmp/xplico
04:51:59 [CORE]{c}-STA: Module ---> dis_pcapf.so log --> FEWS
04:51:59 [CORE]{c}-STA: Module ---> dis_pol.so log --> FEWS
04:51:59 [CORE]{c}-STA: Module ---> dis_eth.so log --> FEWS
04:51:59 [CORE]{c}-STA: Module ---> dis_mpls.so log --> FEWIS
04:51:59 [CORE]{c}-STA: Module ---> dis_pppoe.so log --> FEWITDS
04:51:59 [CORE]{c}-STA: Module ---> dis_ppp.so log --> FEWITDS
04:51:59 [CORE]{c}-STA: Module ---> dis_ip.so log --> FEWS
04:51:59 [CORE]{c}-STA: Module ---> dis_ipv6.so log --> FEWS
04:51:59 [CORE]{c}-STA: Module ---> dis_tcp_soft.so log --> FEWS
04:51:59 [CORE]{c}-STA: Module ---> dis_udp.so log --> FEWS
04:51:59 [CORE]{c}-STA: Module ---> dis_http.so log --> FEWITS
04:51:59 [CORE]{c}-STA: Module ---> dis_pop.so log --> FEWS
04:51:59 [CORE]{c}-STA: Module ---> dis_imap.so log --> FEWS
04:51:59 [CORE]{c}-STA: Module ---> dis_smtp.so log --> FEWS
04:51:59 [CORE]{c}-STA: Module ---> dis_httpfd.so log --> FEWITDS
04:51:59 [CORE]{c}-STA: Module ---> dis_sip.so log --> FEWITDS
04:51:59 [CORE]{c}-STA: Module ---> dis_rtp.so log --> FEWITDS
04:51:59 [CORE]{c}-STA: Module ---> dis_rtcp.so log --> FEWITDS
04:51:59 [CORE]{c}-STA: Module ---> dis_sdp.so log --> FEWITDS
04:51:59 [CORE]{c}-STA: Module ---> dis_l2tp.so log --> FEWITDS
04:51:59 [CORE]{c}-STA: Module ---> dis_vlan.so log --> FEWITDS
04:51:59 [CORE]{c}-STA: Module ---> dis_ftp.so log --> FEWS
04:51:59 [CORE]{c}-STA: Module ---> dis_dns.so log --> FEWS
04:51:59 [CORE]{c}-STA: Module ---> dis_icmp.so log --> FEWITDS
04:51:59 [CORE]{c}-STA: Module ---> dis_nntp.so log --> FEWITDS
04:51:59 [CORE]{c}-STA: Module ---> dis_irc.so log --> FEWITDS
04:51:59 [CORE]{c}-STA: Module ---> dis_ipp.so log --> FEWITDS
04:51:59 [CORE]{c}-STA: Module ---> dis_pjl.so log --> FEWITDS
04:51:59 [CORE]{c}-STA: Module ---> dis_mms.so log --> FEWITDS
04:51:59 [CORE]{c}-STA: Module ---> dis_sll.so log --> FEWITDS
04:51:59 [CORE]{c}-STA: Module ---> dis_tftp.so log --> FEWS
04:51:59 [CORE]{c}-STA: Module ---> dis_ieee80211.so log --> FEWITDS
04:51:59 [CORE]{c}-STA: Module ---> dis_llc.so log --> FEWITDS
04:51:59 [CORE]{c}-STA: Module ---> dis_fbwchat.so log --> FEWITDS
04:51:59 [CORE]{c}-STA: Module ---> dis_telnet.so log --> FEWITDS
04:51:59 [CORE]{c}-STA: Module ---> dis_webmail.so log --> FEWITDS
04:51:59 [CORE]{c}-STA: Module ---> dis_msn.so log --> FEWITDS
04:51:59 [CORE]{c}-STA: Module ---> dis_paltalk.so log --> FEWITDS
04:51:59 [CORE]{c}-STA: Module ---> dis_arp.so log --> FEWITDS
04:51:59 [CORE]{c}-STA: Module ---> dis_paltalk_exp.so log --> FEWITDS
04:51:59 [CORE]{c}-STA: Module ---> dis_radiotap.so log --> FEWITDS
04:51:59 [CORE]{c}-STA: Module ---> dis_icmpv6.so log --> FEWITDS
04:51:59 [CORE]{c}-STA: Module ---> dis_ppi.so log --> FEWITDS
04:51:59 [CORE]{c}-STA: Module ---> dis_syslog.so log --> FEWITDS
04:51:59 [CORE]{c}-STA: Module ---> dis_chdlc.so log --> FEWITDS
04:51:59 [CORE]{c}-STA: Module ---> dis_prism.so log --> FEWITDS
04:51:59 [CORE]{c}-STA: Module ---> dis_null.so log --> FEWS
04:51:59 [CORE]{c}-STA: Module ---> dis_webymsg.so log --> FEWITDS
04:51:59 [CORE]{c}-STA: Module ---> dis_mgcp.so log --> FEWITDS
04:51:59 [CORE]{c}-STA: Module ---> dis_wa.so log --> FEWITDS
04:51:59 [CORE]{c}-STA: Module ---> dis_tcp_grb.so log --> FEWS
04:51:59 [CORE]{c}-STA: Module ---> dis_udp_grb.so log --> FEWS
04:51:59 [CORE]{c}-WARNING: dissector 'ip' dependence 'gre->gre.proto' not found
04:51:59 [CORE]{c}-WARNING: dissector 'ip' dependence 'gtp->gtp.msg' not found
04:51:59 [CORE]{c}-WARNING: Assume 'l2tp' protocol flow dissector as exstension of packet dissector in case of 'udp' protocol
04:51:59 [CORE]{c}-INFO: 'pcapf' stack frame size: 112b with 3 info
04:51:59 [CORE]{c}-INFO: 'pol' stack frame size: 160b with 6 info
04:51:59 [CORE]{c}-INFO: 'eth' stack frame size: 96b with 2 info
04:51:59 [CORE]{c}-INFO: 'mpls' stack frame size: 80b with 1 info
04:51:59 [CORE]{c}-INFO: 'pppoe' stack frame size: 112b with 3 info
04:51:59 [CORE]{c}-INFO: 'ppp' stack frame size: 80b with 1 info
04:51:59 [CORE]{c}-INFO: 'ip' stack frame size: 128b with 4 info
04:51:59 [CORE]{c}-INFO: 'ipv6' stack frame size: 128b with 4 info
04:51:59 [CORE]{c}-INFO: 'tcp' stack frame size: 144b with 5 info
04:51:59 [CORE]{c}-INFO: 'udp' stack frame size: 96b with 2 info
04:51:59 [CORE]{c}-INFO: 'http' stack frame size: 144b with 5 info
04:51:59 [CORE]{c}-INFO: 'pop' stack frame size: 64b with 0 info
04:51:59 [CORE]{c}-INFO: 'imap' stack frame size: 64b with 0 info
04:51:59 [CORE]{c}-INFO: 'smtp' stack frame size: 64b with 0 info
04:51:59 [CORE]{c}-INFO: 'httpfd' stack frame size: 64b with 0 info
04:51:59 [CORE]{c}-INFO: 'sip' stack frame size: 64b with 0 info
04:51:59 [CORE]{c}-INFO: 'rtp' stack frame size: 144b with 5 info
04:51:59 [CORE]{c}-INFO: 'rtcp' stack frame size: 80b with 1 info
04:51:59 [CORE]{c}-INFO: 'sdp' stack frame size: 64b with 0 info
04:51:59 [CORE]{c}-INFO: 'l2tp' stack frame size: 112b with 3 info
04:51:59 [CORE]{c}-INFO: 'vlan' stack frame size: 96b with 2 info
04:51:59 [CORE]{c}-INFO: 'ftp' stack frame size: 64b with 0 info
04:51:59 [CORE]{c}-INFO: 'dns' stack frame size: 64b with 0 info
04:51:59 [CORE]{c}-INFO: 'icmp' stack frame size: 64b with 0 info
04:51:59 [CORE]{c}-INFO: 'nntp' stack frame size: 64b with 0 info
04:51:59 [CORE]{c}-INFO: 'irc' stack frame size: 64b with 0 info
04:51:59 [CORE]{c}-INFO: 'ipp' stack frame size: 64b with 0 info
04:51:59 [CORE]{c}-INFO: 'pjl' stack frame size: 64b with 0 info
04:51:59 [CORE]{c}-INFO: 'mms' stack frame size: 64b with 0 info
04:51:59 [CORE]{c}-INFO: 'sll' stack frame size: 80b with 1 info
04:51:59 [CORE]{c}-INFO: 'tftp' stack frame size: 64b with 0 info
04:51:59 [CORE]{c}-INFO: 'wlan' stack frame size: 80b with 1 info
04:51:59 [CORE]{c}-INFO: 'llc' stack frame size: 80b with 1 info
04:51:59 [CORE]{c}-INFO: 'fbwchat' stack frame size: 64b with 0 info
04:51:59 [CORE]{c}-INFO: 'telnet' stack frame size: 64b with 0 info
04:51:59 [CORE]{c}-INFO: 'webmail' stack frame size: 64b with 0 info
04:51:59 [CORE]{c}-INFO: 'msn' stack frame size: 64b with 0 info
04:51:59 [CORE]{c}-INFO: 'paltalk' stack frame size: 64b with 0 info
04:51:59 [CORE]{c}-INFO: 'arp' stack frame size: 64b with 0 info
04:51:59 [CORE]{c}-INFO: 'paltalk_exp' stack frame size: 64b with 0 info
04:51:59 [CORE]{c}-INFO: 'radiotap' stack frame size: 64b with 0 info
04:51:59 [CORE]{c}-INFO: 'icmpv6' stack frame size: 64b with 0 info
04:51:59 [CORE]{c}-INFO: 'ppi' stack frame size: 80b with 1 info
04:51:59 [CORE]{c}-INFO: 'syslog' stack frame size: 64b with 0 info
04:51:59 [CORE]{c}-INFO: 'chdlc' stack frame size: 80b with 1 info
04:51:59 [CORE]{c}-INFO: 'prism' stack frame size: 64b with 0 info
04:51:59 [CORE]{c}-INFO: 'null' stack frame size: 80b with 1 info
04:51:59 [CORE]{c}-INFO: 'webymsg' stack frame size: 64b with 0 info
04:51:59 [CORE]{c}-INFO: 'mgcp' stack frame size: 64b with 0 info
04:51:59 [CORE]{c}-INFO: 'wa' stack frame size: 64b with 0 info
04:51:59 [CORE]{c}-INFO: 'tcp-grb' stack frame size: 64b with 0 info
04:51:59 [CORE]{c}-INFO: 'udp-grb' stack frame size: 64b with 0 info
04:51:59 [DISP]{c}-DEBUG: CLI Dispatcher
04:52:01 [DISP]{c}-STA: Manipulator ---> webmail host:localhost port:23456
04:52:01 [DISP]{c}-STA: Manipulator ---> fbwchat host:localhost port:23457
04:52:01 [DISP]{c}-STA: Manipulator ---> httpfd host:localhost port:23458
04:52:01 [DISP]{c}-STA: Manipulator ---> paltalk_exp host:localhost port:23459
04:52:01 [CORE]{c}-ERROR: GeoIP2 without GeoLiteCity/GeoIP database
04:52:03 [udp]{c}-WARNING: UDP packet chechsum error 0xdcc3
04:52:03 [CORE]{c}-INFO: frame 0 - prot: 6,  flow: no, id: -1 -
04:52:03 [CORE]{c}-INFO:    ip.proto: 17
04:52:03 [CORE]{c}-INFO:    ip.src: 10.0.2.15
04:52:03 [CORE]{c}-INFO:    ip.dst: 10.0.2.3
04:52:03 [CORE]{c}-INFO:    ip.offset: 14
04:52:03 [CORE]{c}-INFO:    frame 1 - prot: 2,  flow: no, id: -1 -
04:52:03 [CORE]{c}-INFO:       eth.src: 08:00:27:af:39:9f
04:52:03 [CORE]{c}-INFO:       eth.type: 2048
04:52:03 [CORE]{c}-INFO:       frame 2 - prot: 0,  flow: no, id: -1 -
04:52:03 [CORE]{c}-INFO:          pcapf.layer1: 1
04:52:03 [CORE]{c}-INFO:          pcapf.count: 1
04:52:03 [CORE]{c}-INFO:          pcapf.file: capture.flag.pcap
04:52:03 [tcp]{c}-WARNING: TCP packet chechsum error 0xa00c
04:52:03 [tcp]{c}-WARNING: TCP packet chechsum error 0x8344
04:52:03 [tcp]{c}-WARNING: TCP packet chechsum error 0x4dc7
04:52:03 [tcp]{c}-WARNING: TCP packet chechsum error 0xbec5
04:52:03 [tcp]{c}-WARNING: TCP packet chechsum error 0x9b42
04:52:03 [tcp]{c}-WARNING: TCP packet chechsum error 0x844a
04:52:03 [tcp]{c}-WARNING: TCP packet chechsum error 0x616f
04:52:03 [tcp]{c}-WARNING: TCP packet chechsum error 0xa776
04:52:03 [tcp]{c}-WARNING: TCP packet chechsum error 0xf09d
04:52:03 [tcp]{c}-WARNING: TCP packet chechsum error 0x81d1
04:52:03 [tcp]{c}-WARNING: TCP packet chechsum error 0x5c49
04:52:03 [tcp]{c}-WARNING: TCP packet chechsum error 0x4f3e
04:52:03 [tcp]{c}-WARNING: TCP packet chechsum error 0xd2be
04:52:03 [tcp]{c}-WARNING: TCP packet chechsum error 0x56ac
04:52:03 [tcp]{c}-WARNING: TCP packet chechsum error 0x4393
04:52:03 [tcp]{c}-WARNING: TCP packet chechsum error 0x45d1
04:52:03 [tcp]{c}-WARNING: TCP packet chechsum error 0xec92
04:52:03 [tcp]{c}-WARNING: TCP packet chechsum error 0xeb92
04:52:03 [tcp]{c}-WARNING: TCP packet chechsum error 0x6424
04:52:03 [tcp]{c}-WARNING: TCP packet chechsum error 0x24af
04:52:03 [tcp]{c}-WARNING: TCP packet chechsum error 0x5acd
04:52:03 [tcp]{c}-WARNING: TCP packet chechsum error 0xa4ea
04:52:03 [tcp]{c}-WARNING: TCP packet chechsum error 0x8b4a
04:52:03 [tcp]{c}-WARNING: TCP packet chechsum error 0x2f21
04:52:03 [tcp]{c}-WARNING: TCP packet chechsum error 0xa08d
04:52:03 [tcp]{c}-WARNING: TCP packet chechsum error 0xccc
04:52:03 [udp]{c}-WARNING: UDP packet chechsum error 0xa2a1
04:52:03 [CORE]{c}-INFO: frame 0 - prot: 6,  flow: no, id: -1 -
04:52:03 [CORE]{c}-INFO:    ip.proto: 17
04:52:03 [CORE]{c}-INFO:    ip.src: 10.0.2.15
04:52:03 [CORE]{c}-INFO:    ip.dst: 10.0.2.1
04:52:03 [CORE]{c}-INFO:    ip.offset: 14
04:52:03 [CORE]{c}-INFO:    frame 1 - prot: 2,  flow: no, id: -1 -
04:52:03 [CORE]{c}-INFO:       eth.src: 08:00:27:af:39:9f
04:52:03 [CORE]{c}-INFO:       eth.type: 2048
04:52:03 [CORE]{c}-INFO:       frame 2 - prot: 0,  flow: no, id: -1 -
04:52:03 [CORE]{c}-INFO:          pcapf.layer1: 1
04:52:03 [CORE]{c}-INFO:          pcapf.count: 66
04:52:03 [CORE]{c}-INFO:          pcapf.file: capture.flag.pcap
04:52:03 [udp]{c}-WARNING: UDP packet chechsum error 0x3dc4
04:52:03 [CORE]{c}-INFO: frame 0 - prot: 6,  flow: no, id: -1 -
04:52:03 [CORE]{c}-INFO:    ip.proto: 17
04:52:03 [CORE]{c}-INFO:    ip.src: 10.0.2.15
04:52:03 [CORE]{c}-INFO:    ip.dst: 10.0.2.1
04:52:03 [CORE]{c}-INFO:    ip.offset: 14
04:52:03 [CORE]{c}-INFO:    frame 1 - prot: 2,  flow: no, id: -1 -
04:52:03 [CORE]{c}-INFO:       eth.src: 08:00:27:af:39:9f
04:52:03 [CORE]{c}-INFO:       eth.type: 2048
04:52:03 [CORE]{c}-INFO:       frame 2 - prot: 0,  flow: no, id: -1 -
04:52:03 [CORE]{c}-INFO:          pcapf.layer1: 1
04:52:03 [CORE]{c}-INFO:          pcapf.count: 68
04:52:03 [CORE]{c}-INFO:          pcapf.file: capture.flag.pcap
04:52:04 [tcp]{c}-WARNING: TCP packet chechsum error 0xe3be
04:52:04 [CORE]{c}-INFO: Close all
04:52:04 [CORE]{c}-STA: End. Total elaboration time:  1s 282355us
